<?xml version="1.0" encoding="UTF-8"?>
<!-- Generated by org.testng.reporters.JUnitXMLReporter -->
<testsuite ignored="0" hostname="DESKTOP-CSD2510" failures="0" tests="32" name="Default test" time="84.206" errors="0" timestamp="2024-06-21T09:57:03 IST">
  <testcase classname="Testscenarios.TestMethods" name="login1" time="0.339"/>
  <testcase classname="Testscenarios.TestMethods" name="Clicklogin" time="0.174"/>
  <testcase classname="Testscenarios.TestMethods" name="Clickopenmenu" time="0.089"/>
  <testcase classname="Testscenarios.TestMethods" name="ClickAllItems" time="5.298"/>
  <testcase classname="Testscenarios.TestMethods" name="ClickClose" time="0.149"/>
  <testcase classname="Testscenarios.TestMethods" name="Clicktshirt" time="0.155"/>
  <testcase classname="Testscenarios.TestMethods" name="Addtshirt" time="0.094"/>
  <testcase classname="Testscenarios.TestMethods" name="Clickbackproducts" time="3.1"/>
  <testcase classname="Testscenarios.TestMethods" name="openmenu" time="0.161"/>
  <testcase classname="Testscenarios.TestMethods" name="Reset" time="0.119"/>
  <testcase classname="Testscenarios.TestMethods" name="twitter" time="6.083"/>
  <testcase classname="Testscenarios.TestMethods" name="facebook" time="6.182"/>
  <testcase classname="Testscenarios.TestMethods" name="linkedin" time="6.185"/>
  <testcase classname="Testscenarios.TestMethods" name="About" time="4.547"/>
  <testcase classname="Testscenarios.TestMethods" name="Dropdown" time="3.358"/>
  <testcase classname="Testscenarios.TestMethods" name="Selectbackpack" time="5.196"/>
  <testcase classname="Testscenarios.TestMethods" name="Cartbackpack" time="4.275"/>
  <testcase classname="Testscenarios.TestMethods" name="Selectbikelight" time="4.15"/>
  <testcase classname="Testscenarios.TestMethods" name="Cartbikelight" time="4.326"/>
  <testcase classname="Testscenarios.TestMethods" name="SelectRedTshirt" time="4.137"/>
  <testcase classname="Testscenarios.TestMethods" name="CartRedTshirt" time="0.16"/>
  <testcase classname="Testscenarios.TestMethods" name="Shopping" time="4.127"/>
  <testcase classname="Testscenarios.TestMethods" name="removeRedTshirt" time="0.242"/>
  <testcase classname="Testscenarios.TestMethods" name="back" time="7.359"/>
  <testcase classname="Testscenarios.TestMethods" name="cart" time="4.138"/>
  <testcase classname="Testscenarios.TestMethods" name="payment" time="0.191"/>
  <testcase classname="Testscenarios.TestMethods" name="PCode" time="0.184"/>
  <testcase classname="Testscenarios.TestMethods" name="checkButton" time="2.071"/>
  <testcase classname="Testscenarios.TestMethods" name="FName" time="0.2"/>
  <testcase classname="Testscenarios.TestMethods" name="LaName" time="0.08"/>
  <testcase classname="Testscenarios.TestMethods" name="open" time="0.051"/>
  <testcase classname="Testscenarios.TestMethods" name="Logout" time="3.151"/>
</testsuite> <!-- Default test -->
