<?xml version="1.0" encoding="UTF-8"?>
<!-- Generated by org.testng.reporters.JUnitXMLReporter -->
<testsuite ignored="0" hostname="DESKTOP-CSD2510" failures="0" tests="31" name="Default test" time="75.783" errors="0" timestamp="2024-06-19T18:13:42 IST">
  <testcase classname="Testscenarios.TestMethods" name="login1" time="0.291"/>
  <testcase classname="Testscenarios.TestMethods" name="Clicklogin" time="0.275"/>
  <testcase classname="Testscenarios.TestMethods" name="Clickopenmenu" time="0.162"/>
  <testcase classname="Testscenarios.TestMethods" name="ClickAllItems" time="5.091"/>
  <testcase classname="Testscenarios.TestMethods" name="ClickClose" time="0.057"/>
  <testcase classname="Testscenarios.TestMethods" name="Clicktshirt" time="0.125"/>
  <testcase classname="Testscenarios.TestMethods" name="Addtshirt" time="0.087"/>
  <testcase classname="Testscenarios.TestMethods" name="Clickbackproducts" time="3.088"/>
  <testcase classname="Testscenarios.TestMethods" name="openmenu" time="0.077"/>
  <testcase classname="Testscenarios.TestMethods" name="Reset" time="0.072"/>
  <testcase classname="Testscenarios.TestMethods" name="twitter" time="6.099"/>
  <testcase classname="Testscenarios.TestMethods" name="facebook" time="6.061"/>
  <testcase classname="Testscenarios.TestMethods" name="linkedin" time="6.054"/>
  <testcase classname="Testscenarios.TestMethods" name="About" time="4.23"/>
  <testcase classname="Testscenarios.TestMethods" name="Dropdown" time="3.411"/>
  <testcase classname="Testscenarios.TestMethods" name="Selectbackpack" time="5.072"/>
  <testcase classname="Testscenarios.TestMethods" name="Cartbackpack" time="4.076"/>
  <testcase classname="Testscenarios.TestMethods" name="Selectbikelight" time="4.082"/>
  <testcase classname="Testscenarios.TestMethods" name="Cartbikelight" time="4.072"/>
  <testcase classname="Testscenarios.TestMethods" name="SelectRedTshirt" time="4.091"/>
  <testcase classname="Testscenarios.TestMethods" name="CartRedTshirt" time="0.05"/>
  <testcase classname="Testscenarios.TestMethods" name="Shopping" time="4.071"/>
  <testcase classname="Testscenarios.TestMethods" name="removeRedTshirt" time="0.079"/>
  <testcase classname="Testscenarios.TestMethods" name="back" time="5.03"/>
  <testcase classname="Testscenarios.TestMethods" name="cart" time="4.07"/>
  <testcase classname="Testscenarios.TestMethods" name="payment" time="0.079"/>
  <testcase classname="Testscenarios.TestMethods" name="PCode" time="0.092"/>
  <testcase classname="Testscenarios.TestMethods" name="checkButton" time="2.021"/>
  <testcase classname="Testscenarios.TestMethods" name="FName" time="0.085"/>
  <testcase classname="Testscenarios.TestMethods" name="LaName" time="0.081"/>
  <testcase classname="Testscenarios.TestMethods" name="forward" time="0.283"/>
</testsuite> <!-- Default test -->
